<?xml version="1.0" encoding="UTF-8"?>
<testng-results skipped="0" failed="0" total="0" passed="0">
  <reporter-output>
  </reporter-output>
  <suite name="MemailTestAutomation" duration-ms="26" started-at="2019-04-03T07:19:19Z" finished-at="2019-04-03T07:19:19Z">
    <groups>
    </groups>
    <test name="MemailTestAutomation" duration-ms="26" started-at="2019-04-03T07:19:19Z" finished-at="2019-04-03T07:19:19Z">
    </test> <!-- MemailTestAutomation -->
  </suite> <!-- MemailTestAutomation -->
</testng-results>
